2025-02-24T20:30:12.484-05:00  INFO 22348 --- [weather-stream] [main] i.s.w.w.WeatherStreamApplication         : Starting WeatherStreamApplication using Java 21.0.5 with PID 22348 (C:\Users\Dylan\Desktop\Projects\snow-tracker\weather-stream\target\classes started by Dylan in C:\Users\Dylan\Desktop\Projects\snow-tracker)
2025-02-24T20:30:12.486-05:00 DEBUG 22348 --- [weather-stream] [main] i.s.w.w.WeatherStreamApplication         : Running with Spring Boot v3.4.2, Spring v6.2.2
2025-02-24T20:30:12.487-05:00  INFO 22348 --- [weather-stream] [main] i.s.w.w.WeatherStreamApplication         : No active profile set, falling back to 1 default profile: "default"
2025-02-24T20:30:13.473-05:00  INFO 22348 --- [weather-stream] [main] .s.d.r.c.RepositoryConfigurationDelegate : Multiple Spring Data modules found, entering strict repository configuration mode
2025-02-24T20:30:13.481-05:00  INFO 22348 --- [weather-stream] [main] .s.d.r.c.RepositoryConfigurationDelegate : Bootstrapping Spring Data Redis repositories in DEFAULT mode.
2025-02-24T20:30:13.652-05:00  INFO 22348 --- [weather-stream] [main] .s.d.r.c.RepositoryConfigurationDelegate : Finished Spring Data repository scanning in 150 ms. Found 2 Redis repository interfaces.
2025-02-24T20:30:14.127-05:00  INFO 22348 --- [weather-stream] [main] o.s.b.w.embedded.tomcat.TomcatWebServer  : Tomcat initialized with port 8080 (http)
2025-02-24T20:30:14.146-05:00  INFO 22348 --- [weather-stream] [main] o.apache.catalina.core.StandardService   : Starting service [Tomcat]
2025-02-24T20:30:14.147-05:00  INFO 22348 --- [weather-stream] [main] o.apache.catalina.core.StandardEngine    : Starting Servlet engine: [Apache Tomcat/10.1.34]
2025-02-24T20:30:14.210-05:00  INFO 22348 --- [weather-stream] [main] o.a.c.c.C.[Tomcat].[localhost].[/]       : Initializing Spring embedded WebApplicationContext
2025-02-24T20:30:14.211-05:00  INFO 22348 --- [weather-stream] [main] w.s.c.ServletWebServerApplicationContext : Root WebApplicationContext: initialization completed in 1675 ms
2025-02-24T20:30:15.605-05:00  INFO 22348 --- [weather-stream] [main] o.s.b.a.e.web.EndpointLinksResolver      : Exposing 1 endpoint beneath base path '/actuator'
2025-02-24T20:30:15.680-05:00  INFO 22348 --- [weather-stream] [main] o.s.b.w.embedded.tomcat.TomcatWebServer  : Tomcat started on port 8080 (http) with context path '/'
2025-02-24T20:30:15.694-05:00  INFO 22348 --- [weather-stream] [main] i.s.w.w.WeatherStreamApplication         : Started WeatherStreamApplication in 3.689 seconds (process running for 4.331)
2025-02-24T20:30:18.343-05:00  INFO 22348 --- [weather-stream] [RMI TCP Connection(2)-127.0.0.1] o.a.c.c.C.[Tomcat].[localhost].[/]       : Initializing Spring DispatcherServlet 'dispatcherServlet'
2025-02-24T20:30:18.344-05:00  INFO 22348 --- [weather-stream] [RMI TCP Connection(2)-127.0.0.1] o.s.web.servlet.DispatcherServlet        : Initializing Servlet 'dispatcherServlet'
2025-02-24T20:30:18.345-05:00  INFO 22348 --- [weather-stream] [RMI TCP Connection(2)-127.0.0.1] o.s.web.servlet.DispatcherServlet        : Completed initialization in 1 ms
2025-02-24T20:31:46.864-05:00  INFO 20200 --- [weather-stream] [main] i.s.w.w.WeatherStreamApplication         : Starting WeatherStreamApplication using Java 21.0.5 with PID 20200 (C:\Users\Dylan\Desktop\Projects\snow-tracker\weather-stream\target\classes started by Dylan in C:\Users\Dylan\Desktop\Projects\snow-tracker)
2025-02-24T20:31:46.866-05:00 DEBUG 20200 --- [weather-stream] [main] i.s.w.w.WeatherStreamApplication         : Running with Spring Boot v3.4.2, Spring v6.2.2
2025-02-24T20:31:46.867-05:00  INFO 20200 --- [weather-stream] [main] i.s.w.w.WeatherStreamApplication         : No active profile set, falling back to 1 default profile: "default"
2025-02-24T20:31:47.801-05:00  INFO 20200 --- [weather-stream] [main] .s.d.r.c.RepositoryConfigurationDelegate : Multiple Spring Data modules found, entering strict repository configuration mode
2025-02-24T20:31:47.804-05:00  INFO 20200 --- [weather-stream] [main] .s.d.r.c.RepositoryConfigurationDelegate : Bootstrapping Spring Data Redis repositories in DEFAULT mode.
2025-02-24T20:31:47.955-05:00  INFO 20200 --- [weather-stream] [main] .s.d.r.c.RepositoryConfigurationDelegate : Finished Spring Data repository scanning in 134 ms. Found 2 Redis repository interfaces.
2025-02-24T20:31:48.420-05:00  INFO 20200 --- [weather-stream] [main] o.s.b.w.embedded.tomcat.TomcatWebServer  : Tomcat initialized with port 8080 (http)
2025-02-24T20:31:48.433-05:00  INFO 20200 --- [weather-stream] [main] o.apache.catalina.core.StandardService   : Starting service [Tomcat]
2025-02-24T20:31:48.433-05:00  INFO 20200 --- [weather-stream] [main] o.apache.catalina.core.StandardEngine    : Starting Servlet engine: [Apache Tomcat/10.1.34]
2025-02-24T20:31:48.498-05:00  INFO 20200 --- [weather-stream] [main] o.a.c.c.C.[Tomcat].[localhost].[/]       : Initializing Spring embedded WebApplicationContext
2025-02-24T20:31:48.499-05:00  INFO 20200 --- [weather-stream] [main] w.s.c.ServletWebServerApplicationContext : Root WebApplicationContext: initialization completed in 1590 ms
2025-02-24T20:31:49.811-05:00  INFO 20200 --- [weather-stream] [main] o.s.b.a.e.web.EndpointLinksResolver      : Exposing 1 endpoint beneath base path '/actuator'
2025-02-24T20:31:49.883-05:00  INFO 20200 --- [weather-stream] [main] o.s.b.w.embedded.tomcat.TomcatWebServer  : Tomcat started on port 8080 (http) with context path '/'
2025-02-24T20:31:49.900-05:00  INFO 20200 --- [weather-stream] [main] i.s.w.w.WeatherStreamApplication         : Started WeatherStreamApplication in 3.478 seconds (process running for 4.162)
2025-02-24T20:31:52.721-05:00  INFO 20200 --- [weather-stream] [RMI TCP Connection(2)-127.0.0.1] o.a.c.c.C.[Tomcat].[localhost].[/]       : Initializing Spring DispatcherServlet 'dispatcherServlet'
2025-02-24T20:31:52.722-05:00  INFO 20200 --- [weather-stream] [RMI TCP Connection(2)-127.0.0.1] o.s.web.servlet.DispatcherServlet        : Initializing Servlet 'dispatcherServlet'
2025-02-24T20:31:52.724-05:00  INFO 20200 --- [weather-stream] [RMI TCP Connection(2)-127.0.0.1] o.s.web.servlet.DispatcherServlet        : Completed initialization in 1 ms
2025-02-24T20:35:17.627-05:00  INFO 22800 --- [weather-stream] [main] i.s.w.w.WeatherStreamApplication         : Starting WeatherStreamApplication using Java 21.0.5 with PID 22800 (C:\Users\Dylan\Desktop\Projects\snow-tracker\weather-stream\target\classes started by Dylan in C:\Users\Dylan\Desktop\Projects\snow-tracker)
2025-02-24T20:35:17.630-05:00 DEBUG 22800 --- [weather-stream] [main] i.s.w.w.WeatherStreamApplication         : Running with Spring Boot v3.4.2, Spring v6.2.2
2025-02-24T20:35:17.631-05:00  INFO 22800 --- [weather-stream] [main] i.s.w.w.WeatherStreamApplication         : No active profile set, falling back to 1 default profile: "default"
2025-02-24T20:35:18.576-05:00  INFO 22800 --- [weather-stream] [main] .s.d.r.c.RepositoryConfigurationDelegate : Multiple Spring Data modules found, entering strict repository configuration mode
2025-02-24T20:35:18.579-05:00  INFO 22800 --- [weather-stream] [main] .s.d.r.c.RepositoryConfigurationDelegate : Bootstrapping Spring Data Redis repositories in DEFAULT mode.
2025-02-24T20:35:18.726-05:00  INFO 22800 --- [weather-stream] [main] .s.d.r.c.RepositoryConfigurationDelegate : Finished Spring Data repository scanning in 130 ms. Found 2 Redis repository interfaces.
2025-02-24T20:35:19.206-05:00  INFO 22800 --- [weather-stream] [main] o.s.b.w.embedded.tomcat.TomcatWebServer  : Tomcat initialized with port 8080 (http)
2025-02-24T20:35:19.219-05:00  INFO 22800 --- [weather-stream] [main] o.apache.catalina.core.StandardService   : Starting service [Tomcat]
2025-02-24T20:35:19.219-05:00  INFO 22800 --- [weather-stream] [main] o.apache.catalina.core.StandardEngine    : Starting Servlet engine: [Apache Tomcat/10.1.34]
2025-02-24T20:35:19.278-05:00  INFO 22800 --- [weather-stream] [main] o.a.c.c.C.[Tomcat].[localhost].[/]       : Initializing Spring embedded WebApplicationContext
2025-02-24T20:35:19.279-05:00  INFO 22800 --- [weather-stream] [main] w.s.c.ServletWebServerApplicationContext : Root WebApplicationContext: initialization completed in 1606 ms
2025-02-24T20:35:20.614-05:00  INFO 22800 --- [weather-stream] [main] o.s.b.a.e.web.EndpointLinksResolver      : Exposing 1 endpoint beneath base path '/actuator'
2025-02-24T20:35:20.688-05:00  INFO 22800 --- [weather-stream] [main] o.s.b.w.embedded.tomcat.TomcatWebServer  : Tomcat started on port 8080 (http) with context path '/'
2025-02-24T20:35:20.706-05:00  INFO 22800 --- [weather-stream] [main] i.s.w.w.WeatherStreamApplication         : Started WeatherStreamApplication in 3.542 seconds (process running for 4.164)
2025-02-24T20:35:23.517-05:00  INFO 22800 --- [weather-stream] [RMI TCP Connection(2)-127.0.0.1] o.a.c.c.C.[Tomcat].[localhost].[/]       : Initializing Spring DispatcherServlet 'dispatcherServlet'
2025-02-24T20:35:23.517-05:00  INFO 22800 --- [weather-stream] [RMI TCP Connection(2)-127.0.0.1] o.s.web.servlet.DispatcherServlet        : Initializing Servlet 'dispatcherServlet'
2025-02-24T20:35:23.519-05:00  INFO 22800 --- [weather-stream] [RMI TCP Connection(2)-127.0.0.1] o.s.web.servlet.DispatcherServlet        : Completed initialization in 1 ms
2025-02-24T20:37:22.980-05:00  INFO 17676 --- [weather-stream] [main] i.s.w.w.WeatherStreamApplication         : Starting WeatherStreamApplication using Java 21.0.5 with PID 17676 (C:\Users\Dylan\Desktop\Projects\snow-tracker\weather-stream\target\classes started by Dylan in C:\Users\Dylan\Desktop\Projects\snow-tracker)
2025-02-24T20:37:22.982-05:00 DEBUG 17676 --- [weather-stream] [main] i.s.w.w.WeatherStreamApplication         : Running with Spring Boot v3.4.2, Spring v6.2.2
2025-02-24T20:37:22.984-05:00  INFO 17676 --- [weather-stream] [main] i.s.w.w.WeatherStreamApplication         : No active profile set, falling back to 1 default profile: "default"
2025-02-24T20:37:24.039-05:00  INFO 17676 --- [weather-stream] [main] .s.d.r.c.RepositoryConfigurationDelegate : Multiple Spring Data modules found, entering strict repository configuration mode
2025-02-24T20:37:24.046-05:00  INFO 17676 --- [weather-stream] [main] .s.d.r.c.RepositoryConfigurationDelegate : Bootstrapping Spring Data Redis repositories in DEFAULT mode.
2025-02-24T20:37:24.209-05:00  INFO 17676 --- [weather-stream] [main] .s.d.r.c.RepositoryConfigurationDelegate : Finished Spring Data repository scanning in 143 ms. Found 2 Redis repository interfaces.
2025-02-24T20:37:24.702-05:00  INFO 17676 --- [weather-stream] [main] o.s.b.w.embedded.tomcat.TomcatWebServer  : Tomcat initialized with port 8080 (http)
2025-02-24T20:37:24.718-05:00  INFO 17676 --- [weather-stream] [main] o.apache.catalina.core.StandardService   : Starting service [Tomcat]
2025-02-24T20:37:24.719-05:00  INFO 17676 --- [weather-stream] [main] o.apache.catalina.core.StandardEngine    : Starting Servlet engine: [Apache Tomcat/10.1.34]
2025-02-24T20:37:24.781-05:00  INFO 17676 --- [weather-stream] [main] o.a.c.c.C.[Tomcat].[localhost].[/]       : Initializing Spring embedded WebApplicationContext
2025-02-24T20:37:24.781-05:00  INFO 17676 --- [weather-stream] [main] w.s.c.ServletWebServerApplicationContext : Root WebApplicationContext: initialization completed in 1750 ms
2025-02-24T20:37:26.141-05:00  INFO 17676 --- [weather-stream] [main] o.s.b.a.e.web.EndpointLinksResolver      : Exposing 1 endpoint beneath base path '/actuator'
2025-02-24T20:37:26.217-05:00  INFO 17676 --- [weather-stream] [main] o.s.b.w.embedded.tomcat.TomcatWebServer  : Tomcat started on port 8080 (http) with context path '/'
2025-02-24T20:37:26.232-05:00  INFO 17676 --- [weather-stream] [main] i.s.w.w.WeatherStreamApplication         : Started WeatherStreamApplication in 3.763 seconds (process running for 4.434)
2025-02-24T20:37:28.803-05:00  INFO 17676 --- [weather-stream] [RMI TCP Connection(2)-127.0.0.1] o.a.c.c.C.[Tomcat].[localhost].[/]       : Initializing Spring DispatcherServlet 'dispatcherServlet'
2025-02-24T20:37:28.803-05:00  INFO 17676 --- [weather-stream] [RMI TCP Connection(2)-127.0.0.1] o.s.web.servlet.DispatcherServlet        : Initializing Servlet 'dispatcherServlet'
2025-02-24T20:37:28.805-05:00  INFO 17676 --- [weather-stream] [RMI TCP Connection(2)-127.0.0.1] o.s.web.servlet.DispatcherServlet        : Completed initialization in 1 ms
2025-02-24T20:38:17.841-05:00  INFO 5408 --- [weather-stream] [main] i.s.w.w.WeatherStreamApplication         : Starting WeatherStreamApplication using Java 21.0.5 with PID 5408 (C:\Users\Dylan\Desktop\Projects\snow-tracker\weather-stream\target\classes started by Dylan in C:\Users\Dylan\Desktop\Projects\snow-tracker)
2025-02-24T20:38:17.843-05:00 DEBUG 5408 --- [weather-stream] [main] i.s.w.w.WeatherStreamApplication         : Running with Spring Boot v3.4.2, Spring v6.2.2
2025-02-24T20:38:17.845-05:00  INFO 5408 --- [weather-stream] [main] i.s.w.w.WeatherStreamApplication         : No active profile set, falling back to 1 default profile: "default"
2025-02-24T20:38:18.763-05:00  INFO 5408 --- [weather-stream] [main] .s.d.r.c.RepositoryConfigurationDelegate : Multiple Spring Data modules found, entering strict repository configuration mode
2025-02-24T20:38:18.766-05:00  INFO 5408 --- [weather-stream] [main] .s.d.r.c.RepositoryConfigurationDelegate : Bootstrapping Spring Data Redis repositories in DEFAULT mode.
2025-02-24T20:38:18.921-05:00  INFO 5408 --- [weather-stream] [main] .s.d.r.c.RepositoryConfigurationDelegate : Finished Spring Data repository scanning in 139 ms. Found 2 Redis repository interfaces.
2025-02-24T20:38:19.401-05:00  INFO 5408 --- [weather-stream] [main] o.s.b.w.embedded.tomcat.TomcatWebServer  : Tomcat initialized with port 8080 (http)
2025-02-24T20:38:19.416-05:00  INFO 5408 --- [weather-stream] [main] o.apache.catalina.core.StandardService   : Starting service [Tomcat]
2025-02-24T20:38:19.416-05:00  INFO 5408 --- [weather-stream] [main] o.apache.catalina.core.StandardEngine    : Starting Servlet engine: [Apache Tomcat/10.1.34]
2025-02-24T20:38:19.476-05:00  INFO 5408 --- [weather-stream] [main] o.a.c.c.C.[Tomcat].[localhost].[/]       : Initializing Spring embedded WebApplicationContext
2025-02-24T20:38:19.477-05:00  INFO 5408 --- [weather-stream] [main] w.s.c.ServletWebServerApplicationContext : Root WebApplicationContext: initialization completed in 1589 ms
2025-02-24T20:38:20.776-05:00  INFO 5408 --- [weather-stream] [main] o.s.b.a.e.web.EndpointLinksResolver      : Exposing 1 endpoint beneath base path '/actuator'
2025-02-24T20:38:20.841-05:00  INFO 5408 --- [weather-stream] [main] o.s.b.w.embedded.tomcat.TomcatWebServer  : Tomcat started on port 8080 (http) with context path '/'
2025-02-24T20:38:20.857-05:00  INFO 5408 --- [weather-stream] [main] i.s.w.w.WeatherStreamApplication         : Started WeatherStreamApplication in 3.484 seconds (process running for 4.124)
2025-02-24T20:38:23.684-05:00  INFO 5408 --- [weather-stream] [RMI TCP Connection(2)-127.0.0.1] o.a.c.c.C.[Tomcat].[localhost].[/]       : Initializing Spring DispatcherServlet 'dispatcherServlet'
2025-02-24T20:38:23.685-05:00  INFO 5408 --- [weather-stream] [RMI TCP Connection(2)-127.0.0.1] o.s.web.servlet.DispatcherServlet        : Initializing Servlet 'dispatcherServlet'
2025-02-24T20:38:23.687-05:00  INFO 5408 --- [weather-stream] [RMI TCP Connection(2)-127.0.0.1] o.s.web.servlet.DispatcherServlet        : Completed initialization in 1 ms
2025-02-24T20:39:33.370-05:00  INFO 15848 --- [weather-stream] [main] i.s.w.w.WeatherStreamApplication         : Starting WeatherStreamApplication using Java 21.0.5 with PID 15848 (C:\Users\Dylan\Desktop\Projects\snow-tracker\weather-stream\target\classes started by Dylan in C:\Users\Dylan\Desktop\Projects\snow-tracker)
2025-02-24T20:39:33.372-05:00 DEBUG 15848 --- [weather-stream] [main] i.s.w.w.WeatherStreamApplication         : Running with Spring Boot v3.4.2, Spring v6.2.2
2025-02-24T20:39:33.373-05:00  INFO 15848 --- [weather-stream] [main] i.s.w.w.WeatherStreamApplication         : No active profile set, falling back to 1 default profile: "default"
2025-02-24T20:39:34.364-05:00  INFO 15848 --- [weather-stream] [main] .s.d.r.c.RepositoryConfigurationDelegate : Multiple Spring Data modules found, entering strict repository configuration mode
2025-02-24T20:39:34.368-05:00  INFO 15848 --- [weather-stream] [main] .s.d.r.c.RepositoryConfigurationDelegate : Bootstrapping Spring Data Redis repositories in DEFAULT mode.
2025-02-24T20:39:34.526-05:00  INFO 15848 --- [weather-stream] [main] .s.d.r.c.RepositoryConfigurationDelegate : Finished Spring Data repository scanning in 139 ms. Found 2 Redis repository interfaces.
2025-02-24T20:39:35.007-05:00  INFO 15848 --- [weather-stream] [main] o.s.b.w.embedded.tomcat.TomcatWebServer  : Tomcat initialized with port 8080 (http)
2025-02-24T20:39:35.022-05:00  INFO 15848 --- [weather-stream] [main] o.apache.catalina.core.StandardService   : Starting service [Tomcat]
2025-02-24T20:39:35.022-05:00  INFO 15848 --- [weather-stream] [main] o.apache.catalina.core.StandardEngine    : Starting Servlet engine: [Apache Tomcat/10.1.34]
2025-02-24T20:39:35.080-05:00  INFO 15848 --- [weather-stream] [main] o.a.c.c.C.[Tomcat].[localhost].[/]       : Initializing Spring embedded WebApplicationContext
2025-02-24T20:39:35.082-05:00  INFO 15848 --- [weather-stream] [main] w.s.c.ServletWebServerApplicationContext : Root WebApplicationContext: initialization completed in 1664 ms
2025-02-24T20:39:36.373-05:00  INFO 15848 --- [weather-stream] [main] o.s.b.a.e.web.EndpointLinksResolver      : Exposing 1 endpoint beneath base path '/actuator'
2025-02-24T20:39:36.444-05:00  INFO 15848 --- [weather-stream] [main] o.s.b.w.embedded.tomcat.TomcatWebServer  : Tomcat started on port 8080 (http) with context path '/'
2025-02-24T20:39:36.460-05:00  INFO 15848 --- [weather-stream] [main] i.s.w.w.WeatherStreamApplication         : Started WeatherStreamApplication in 3.587 seconds (process running for 4.175)
2025-02-24T20:39:39.270-05:00  INFO 15848 --- [weather-stream] [RMI TCP Connection(2)-127.0.0.1] o.a.c.c.C.[Tomcat].[localhost].[/]       : Initializing Spring DispatcherServlet 'dispatcherServlet'
2025-02-24T20:39:39.270-05:00  INFO 15848 --- [weather-stream] [RMI TCP Connection(2)-127.0.0.1] o.s.web.servlet.DispatcherServlet        : Initializing Servlet 'dispatcherServlet'
2025-02-24T20:39:39.272-05:00  INFO 15848 --- [weather-stream] [RMI TCP Connection(2)-127.0.0.1] o.s.web.servlet.DispatcherServlet        : Completed initialization in 0 ms
2025-02-24T20:41:05.673-05:00  INFO 17924 --- [weather-stream] [main] i.s.w.w.WeatherStreamApplication         : Starting WeatherStreamApplication using Java 21.0.5 with PID 17924 (C:\Users\Dylan\Desktop\Projects\snow-tracker\weather-stream\target\classes started by Dylan in C:\Users\Dylan\Desktop\Projects\snow-tracker)
2025-02-24T20:41:05.675-05:00 DEBUG 17924 --- [weather-stream] [main] i.s.w.w.WeatherStreamApplication         : Running with Spring Boot v3.4.2, Spring v6.2.2
2025-02-24T20:41:05.676-05:00  INFO 17924 --- [weather-stream] [main] i.s.w.w.WeatherStreamApplication         : No active profile set, falling back to 1 default profile: "default"
2025-02-24T20:41:06.589-05:00  INFO 17924 --- [weather-stream] [main] .s.d.r.c.RepositoryConfigurationDelegate : Multiple Spring Data modules found, entering strict repository configuration mode
2025-02-24T20:41:06.592-05:00  INFO 17924 --- [weather-stream] [main] .s.d.r.c.RepositoryConfigurationDelegate : Bootstrapping Spring Data Redis repositories in DEFAULT mode.
2025-02-24T20:41:06.737-05:00  INFO 17924 --- [weather-stream] [main] .s.d.r.c.RepositoryConfigurationDelegate : Finished Spring Data repository scanning in 131 ms. Found 2 Redis repository interfaces.
2025-02-24T20:41:07.218-05:00  INFO 17924 --- [weather-stream] [main] o.s.b.w.embedded.tomcat.TomcatWebServer  : Tomcat initialized with port 8080 (http)
2025-02-24T20:41:07.231-05:00  INFO 17924 --- [weather-stream] [main] o.apache.catalina.core.StandardService   : Starting service [Tomcat]
2025-02-24T20:41:07.232-05:00  INFO 17924 --- [weather-stream] [main] o.apache.catalina.core.StandardEngine    : Starting Servlet engine: [Apache Tomcat/10.1.34]
2025-02-24T20:41:07.287-05:00  INFO 17924 --- [weather-stream] [main] o.a.c.c.C.[Tomcat].[localhost].[/]       : Initializing Spring embedded WebApplicationContext
2025-02-24T20:41:07.288-05:00  INFO 17924 --- [weather-stream] [main] w.s.c.ServletWebServerApplicationContext : Root WebApplicationContext: initialization completed in 1567 ms
2025-02-24T20:41:08.616-05:00  INFO 17924 --- [weather-stream] [main] o.s.b.a.e.web.EndpointLinksResolver      : Exposing 1 endpoint beneath base path '/actuator'
2025-02-24T20:41:08.683-05:00  INFO 17924 --- [weather-stream] [main] o.s.b.w.embedded.tomcat.TomcatWebServer  : Tomcat started on port 8080 (http) with context path '/'
2025-02-24T20:41:08.698-05:00  INFO 17924 --- [weather-stream] [main] i.s.w.w.WeatherStreamApplication         : Started WeatherStreamApplication in 3.515 seconds (process running for 4.1)
2025-02-24T20:41:11.570-05:00  INFO 17924 --- [weather-stream] [RMI TCP Connection(2)-127.0.0.1] o.a.c.c.C.[Tomcat].[localhost].[/]       : Initializing Spring DispatcherServlet 'dispatcherServlet'
2025-02-24T20:41:11.570-05:00  INFO 17924 --- [weather-stream] [RMI TCP Connection(2)-127.0.0.1] o.s.web.servlet.DispatcherServlet        : Initializing Servlet 'dispatcherServlet'
2025-02-24T20:41:11.572-05:00  INFO 17924 --- [weather-stream] [RMI TCP Connection(2)-127.0.0.1] o.s.web.servlet.DispatcherServlet        : Completed initialization in 1 ms
2025-02-24T20:42:19.489-05:00  INFO 18088 --- [weather-stream] [main] i.s.w.w.WeatherStreamApplication         : Starting WeatherStreamApplication using Java 21.0.5 with PID 18088 (C:\Users\Dylan\Desktop\Projects\snow-tracker\weather-stream\target\classes started by Dylan in C:\Users\Dylan\Desktop\Projects\snow-tracker)
2025-02-24T20:42:19.490-05:00 DEBUG 18088 --- [weather-stream] [main] i.s.w.w.WeatherStreamApplication         : Running with Spring Boot v3.4.2, Spring v6.2.2
2025-02-24T20:42:19.491-05:00  INFO 18088 --- [weather-stream] [main] i.s.w.w.WeatherStreamApplication         : No active profile set, falling back to 1 default profile: "default"
2025-02-24T20:42:20.378-05:00  INFO 18088 --- [weather-stream] [main] .s.d.r.c.RepositoryConfigurationDelegate : Multiple Spring Data modules found, entering strict repository configuration mode
2025-02-24T20:42:20.381-05:00  INFO 18088 --- [weather-stream] [main] .s.d.r.c.RepositoryConfigurationDelegate : Bootstrapping Spring Data Redis repositories in DEFAULT mode.
2025-02-24T20:42:20.511-05:00  INFO 18088 --- [weather-stream] [main] .s.d.r.c.RepositoryConfigurationDelegate : Finished Spring Data repository scanning in 115 ms. Found 2 Redis repository interfaces.
2025-02-24T20:42:20.998-05:00  INFO 18088 --- [weather-stream] [main] o.s.b.w.embedded.tomcat.TomcatWebServer  : Tomcat initialized with port 8080 (http)
2025-02-24T20:42:21.016-05:00  INFO 18088 --- [weather-stream] [main] o.apache.catalina.core.StandardService   : Starting service [Tomcat]
2025-02-24T20:42:21.016-05:00  INFO 18088 --- [weather-stream] [main] o.apache.catalina.core.StandardEngine    : Starting Servlet engine: [Apache Tomcat/10.1.34]
2025-02-24T20:42:21.076-05:00  INFO 18088 --- [weather-stream] [main] o.a.c.c.C.[Tomcat].[localhost].[/]       : Initializing Spring embedded WebApplicationContext
2025-02-24T20:42:21.077-05:00  INFO 18088 --- [weather-stream] [main] w.s.c.ServletWebServerApplicationContext : Root WebApplicationContext: initialization completed in 1544 ms
2025-02-24T20:42:22.323-05:00  INFO 18088 --- [weather-stream] [main] o.s.b.a.e.web.EndpointLinksResolver      : Exposing 1 endpoint beneath base path '/actuator'
2025-02-24T20:42:22.398-05:00  WARN 18088 --- [weather-stream] [main] ConfigServletWebServerApplicationContext : Exception encountered during context initialization - cancelling refresh attempt: org.springframework.context.ApplicationContextException: Failed to start bean 'webServerStartStop'
2025-02-24T20:42:22.426-05:00  INFO 18088 --- [weather-stream] [main] .s.b.a.l.ConditionEvaluationReportLogger : 

Error starting ApplicationContext. To display the condition evaluation report re-run your application with 'debug' enabled.
2025-02-24T20:42:22.446-05:00 ERROR 18088 --- [weather-stream] [main] o.s.b.d.LoggingFailureAnalysisReporter   : 

***************************
APPLICATION FAILED TO START
***************************

Description:

Web server failed to start. Port 8080 was already in use.

Action:

Identify and stop the process that's listening on port 8080 or configure this application to listen on another port.

2025-02-24T20:42:30.112-05:00  INFO 9012 --- [weather-stream] [main] i.s.w.w.WeatherStreamApplication         : Starting WeatherStreamApplication using Java 21.0.5 with PID 9012 (C:\Users\Dylan\Desktop\Projects\snow-tracker\weather-stream\target\classes started by Dylan in C:\Users\Dylan\Desktop\Projects\snow-tracker)
2025-02-24T20:42:30.114-05:00 DEBUG 9012 --- [weather-stream] [main] i.s.w.w.WeatherStreamApplication         : Running with Spring Boot v3.4.2, Spring v6.2.2
2025-02-24T20:42:30.115-05:00  INFO 9012 --- [weather-stream] [main] i.s.w.w.WeatherStreamApplication         : No active profile set, falling back to 1 default profile: "default"
2025-02-24T20:42:31.012-05:00  INFO 9012 --- [weather-stream] [main] .s.d.r.c.RepositoryConfigurationDelegate : Multiple Spring Data modules found, entering strict repository configuration mode
2025-02-24T20:42:31.015-05:00  INFO 9012 --- [weather-stream] [main] .s.d.r.c.RepositoryConfigurationDelegate : Bootstrapping Spring Data Redis repositories in DEFAULT mode.
2025-02-24T20:42:31.143-05:00  INFO 9012 --- [weather-stream] [main] .s.d.r.c.RepositoryConfigurationDelegate : Finished Spring Data repository scanning in 113 ms. Found 2 Redis repository interfaces.
2025-02-24T20:42:31.613-05:00  INFO 9012 --- [weather-stream] [main] o.s.b.w.embedded.tomcat.TomcatWebServer  : Tomcat initialized with port 8080 (http)
2025-02-24T20:42:31.626-05:00  INFO 9012 --- [weather-stream] [main] o.apache.catalina.core.StandardService   : Starting service [Tomcat]
2025-02-24T20:42:31.626-05:00  INFO 9012 --- [weather-stream] [main] o.apache.catalina.core.StandardEngine    : Starting Servlet engine: [Apache Tomcat/10.1.34]
2025-02-24T20:42:31.681-05:00  INFO 9012 --- [weather-stream] [main] o.a.c.c.C.[Tomcat].[localhost].[/]       : Initializing Spring embedded WebApplicationContext
2025-02-24T20:42:31.681-05:00  INFO 9012 --- [weather-stream] [main] w.s.c.ServletWebServerApplicationContext : Root WebApplicationContext: initialization completed in 1527 ms
2025-02-24T20:42:32.953-05:00  INFO 9012 --- [weather-stream] [main] o.s.b.a.e.web.EndpointLinksResolver      : Exposing 1 endpoint beneath base path '/actuator'
2025-02-24T20:42:33.018-05:00  INFO 9012 --- [weather-stream] [main] o.s.b.w.embedded.tomcat.TomcatWebServer  : Tomcat started on port 8080 (http) with context path '/'
2025-02-24T20:42:33.033-05:00  INFO 9012 --- [weather-stream] [main] i.s.w.w.WeatherStreamApplication         : Started WeatherStreamApplication in 3.359 seconds (process running for 3.901)
2025-02-24T20:42:35.989-05:00  INFO 9012 --- [weather-stream] [RMI TCP Connection(2)-127.0.0.1] o.a.c.c.C.[Tomcat].[localhost].[/]       : Initializing Spring DispatcherServlet 'dispatcherServlet'
2025-02-24T20:42:35.990-05:00  INFO 9012 --- [weather-stream] [RMI TCP Connection(2)-127.0.0.1] o.s.web.servlet.DispatcherServlet        : Initializing Servlet 'dispatcherServlet'
2025-02-24T20:42:35.991-05:00  INFO 9012 --- [weather-stream] [RMI TCP Connection(2)-127.0.0.1] o.s.web.servlet.DispatcherServlet        : Completed initialization in 1 ms
2025-02-24T20:44:16.455-05:00  INFO 21888 --- [weather-stream] [main] i.s.w.w.WeatherStreamApplication         : Starting WeatherStreamApplication using Java 21.0.5 with PID 21888 (C:\Users\Dylan\Desktop\Projects\snow-tracker\weather-stream\target\classes started by Dylan in C:\Users\Dylan\Desktop\Projects\snow-tracker)
2025-02-24T20:44:16.457-05:00 DEBUG 21888 --- [weather-stream] [main] i.s.w.w.WeatherStreamApplication         : Running with Spring Boot v3.4.2, Spring v6.2.2
2025-02-24T20:44:16.458-05:00  INFO 21888 --- [weather-stream] [main] i.s.w.w.WeatherStreamApplication         : No active profile set, falling back to 1 default profile: "default"
2025-02-24T20:44:17.359-05:00  INFO 21888 --- [weather-stream] [main] .s.d.r.c.RepositoryConfigurationDelegate : Multiple Spring Data modules found, entering strict repository configuration mode
2025-02-24T20:44:17.362-05:00  INFO 21888 --- [weather-stream] [main] .s.d.r.c.RepositoryConfigurationDelegate : Bootstrapping Spring Data Redis repositories in DEFAULT mode.
2025-02-24T20:44:17.490-05:00  INFO 21888 --- [weather-stream] [main] .s.d.r.c.RepositoryConfigurationDelegate : Finished Spring Data repository scanning in 114 ms. Found 2 Redis repository interfaces.
2025-02-24T20:44:17.953-05:00  INFO 21888 --- [weather-stream] [main] o.s.b.w.embedded.tomcat.TomcatWebServer  : Tomcat initialized with port 8080 (http)
2025-02-24T20:44:17.965-05:00  INFO 21888 --- [weather-stream] [main] o.apache.catalina.core.StandardService   : Starting service [Tomcat]
2025-02-24T20:44:17.965-05:00  INFO 21888 --- [weather-stream] [main] o.apache.catalina.core.StandardEngine    : Starting Servlet engine: [Apache Tomcat/10.1.34]
2025-02-24T20:44:18.021-05:00  INFO 21888 --- [weather-stream] [main] o.a.c.c.C.[Tomcat].[localhost].[/]       : Initializing Spring embedded WebApplicationContext
2025-02-24T20:44:18.022-05:00  INFO 21888 --- [weather-stream] [main] w.s.c.ServletWebServerApplicationContext : Root WebApplicationContext: initialization completed in 1520 ms
2025-02-24T20:44:19.296-05:00  INFO 21888 --- [weather-stream] [main] o.s.b.a.e.web.EndpointLinksResolver      : Exposing 1 endpoint beneath base path '/actuator'
2025-02-24T20:44:19.358-05:00  INFO 21888 --- [weather-stream] [main] o.s.b.w.embedded.tomcat.TomcatWebServer  : Tomcat started on port 8080 (http) with context path '/'
2025-02-24T20:44:19.371-05:00  INFO 21888 --- [weather-stream] [main] i.s.w.w.WeatherStreamApplication         : Started WeatherStreamApplication in 3.349 seconds (process running for 3.909)
2025-02-24T20:44:22.273-05:00  INFO 21888 --- [weather-stream] [RMI TCP Connection(2)-127.0.0.1] o.a.c.c.C.[Tomcat].[localhost].[/]       : Initializing Spring DispatcherServlet 'dispatcherServlet'
2025-02-24T20:44:22.274-05:00  INFO 21888 --- [weather-stream] [RMI TCP Connection(2)-127.0.0.1] o.s.web.servlet.DispatcherServlet        : Initializing Servlet 'dispatcherServlet'
2025-02-24T20:44:22.275-05:00  INFO 21888 --- [weather-stream] [RMI TCP Connection(2)-127.0.0.1] o.s.web.servlet.DispatcherServlet        : Completed initialization in 1 ms
2025-02-24T20:47:11.453-05:00  INFO 19096 --- [weather-stream] [main] i.s.w.w.WeatherStreamApplication         : Starting WeatherStreamApplication using Java 21.0.5 with PID 19096 (C:\Users\Dylan\Desktop\Projects\snow-tracker\weather-stream\target\classes started by Dylan in C:\Users\Dylan\Desktop\Projects\snow-tracker)
2025-02-24T20:47:11.455-05:00 DEBUG 19096 --- [weather-stream] [main] i.s.w.w.WeatherStreamApplication         : Running with Spring Boot v3.4.2, Spring v6.2.2
2025-02-24T20:47:11.456-05:00  INFO 19096 --- [weather-stream] [main] i.s.w.w.WeatherStreamApplication         : No active profile set, falling back to 1 default profile: "default"
2025-02-24T20:47:12.455-05:00  INFO 19096 --- [weather-stream] [main] .s.d.r.c.RepositoryConfigurationDelegate : Multiple Spring Data modules found, entering strict repository configuration mode
2025-02-24T20:47:12.457-05:00  INFO 19096 --- [weather-stream] [main] .s.d.r.c.RepositoryConfigurationDelegate : Bootstrapping Spring Data Redis repositories in DEFAULT mode.
2025-02-24T20:47:12.606-05:00  INFO 19096 --- [weather-stream] [main] .s.d.r.c.RepositoryConfigurationDelegate : Finished Spring Data repository scanning in 133 ms. Found 2 Redis repository interfaces.
2025-02-24T20:47:13.063-05:00  INFO 19096 --- [weather-stream] [main] o.s.b.w.embedded.tomcat.TomcatWebServer  : Tomcat initialized with port 8080 (http)
2025-02-24T20:47:13.077-05:00  INFO 19096 --- [weather-stream] [main] o.apache.catalina.core.StandardService   : Starting service [Tomcat]
2025-02-24T20:47:13.078-05:00  INFO 19096 --- [weather-stream] [main] o.apache.catalina.core.StandardEngine    : Starting Servlet engine: [Apache Tomcat/10.1.34]
2025-02-24T20:47:13.133-05:00  INFO 19096 --- [weather-stream] [main] o.a.c.c.C.[Tomcat].[localhost].[/]       : Initializing Spring embedded WebApplicationContext
2025-02-24T20:47:13.134-05:00  INFO 19096 --- [weather-stream] [main] w.s.c.ServletWebServerApplicationContext : Root WebApplicationContext: initialization completed in 1640 ms
2025-02-24T20:47:14.471-05:00  INFO 19096 --- [weather-stream] [main] o.s.b.a.e.web.EndpointLinksResolver      : Exposing 1 endpoint beneath base path '/actuator'
2025-02-24T20:47:14.538-05:00  INFO 19096 --- [weather-stream] [main] o.s.b.w.embedded.tomcat.TomcatWebServer  : Tomcat started on port 8080 (http) with context path '/'
2025-02-24T20:47:14.552-05:00  INFO 19096 --- [weather-stream] [main] i.s.w.w.WeatherStreamApplication         : Started WeatherStreamApplication in 3.574 seconds (process running for 4.133)
2025-02-24T20:47:17.266-05:00  INFO 19096 --- [weather-stream] [RMI TCP Connection(2)-127.0.0.1] o.a.c.c.C.[Tomcat].[localhost].[/]       : Initializing Spring DispatcherServlet 'dispatcherServlet'
2025-02-24T20:47:17.267-05:00  INFO 19096 --- [weather-stream] [RMI TCP Connection(2)-127.0.0.1] o.s.web.servlet.DispatcherServlet        : Initializing Servlet 'dispatcherServlet'
2025-02-24T20:47:17.269-05:00  INFO 19096 --- [weather-stream] [RMI TCP Connection(2)-127.0.0.1] o.s.web.servlet.DispatcherServlet        : Completed initialization in 1 ms
