2025-02-24T20:16:49.838-05:00  INFO 9160 --- [weather-stream] [main] i.s.w.w.WeatherStreamApplication         : Starting WeatherStreamApplication using Java 21.0.5 with PID 9160 (C:\Users\Dylan\Desktop\Projects\snow-tracker\weather-stream\target\classes started by Dylan in C:\Users\Dylan\Desktop\Projects\snow-tracker\weather-stream)
2025-02-24T20:16:49.840-05:00 DEBUG 9160 --- [weather-stream] [main] i.s.w.w.WeatherStreamApplication         : Running with Spring Boot v3.4.2, Spring v6.2.2
2025-02-24T20:16:49.841-05:00  INFO 9160 --- [weather-stream] [main] i.s.w.w.WeatherStreamApplication         : No active profile set, falling back to 1 default profile: "default"
2025-02-24T20:16:50.854-05:00  INFO 9160 --- [weather-stream] [main] .s.d.r.c.RepositoryConfigurationDelegate : Multiple Spring Data modules found, entering strict repository configuration mode
2025-02-24T20:16:50.858-05:00  INFO 9160 --- [weather-stream] [main] .s.d.r.c.RepositoryConfigurationDelegate : Bootstrapping Spring Data Redis repositories in DEFAULT mode.
2025-02-24T20:16:51.032-05:00  INFO 9160 --- [weather-stream] [main] .s.d.r.c.RepositoryConfigurationDelegate : Finished Spring Data repository scanning in 153 ms. Found 2 Redis repository interfaces.
2025-02-24T20:16:51.485-05:00  INFO 9160 --- [weather-stream] [main] o.s.b.w.embedded.tomcat.TomcatWebServer  : Tomcat initialized with port 8080 (http)
2025-02-24T20:16:51.499-05:00  INFO 9160 --- [weather-stream] [main] o.apache.catalina.core.StandardService   : Starting service [Tomcat]
2025-02-24T20:16:51.500-05:00  INFO 9160 --- [weather-stream] [main] o.apache.catalina.core.StandardEngine    : Starting Servlet engine: [Apache Tomcat/10.1.34]
2025-02-24T20:16:51.555-05:00  INFO 9160 --- [weather-stream] [main] o.a.c.c.C.[Tomcat].[localhost].[/]       : Initializing Spring embedded WebApplicationContext
2025-02-24T20:16:51.556-05:00  INFO 9160 --- [weather-stream] [main] w.s.c.ServletWebServerApplicationContext : Root WebApplicationContext: initialization completed in 1673 ms
2025-02-24T20:16:52.548-05:00  INFO 9160 --- [weather-stream] [main] o.s.v.b.OptionalValidatorFactoryBean     : Failed to set up a Bean Validation provider: jakarta.validation.NoProviderFoundException: Unable to create a Configuration, because no Jakarta Bean Validation provider could be found. Add a provider like Hibernate Validator (RI) to your classpath.
2025-02-24T20:16:53.051-05:00  INFO 9160 --- [weather-stream] [main] o.s.b.a.e.web.EndpointLinksResolver      : Exposing 1 endpoint beneath base path '/actuator'
2025-02-24T20:16:53.117-05:00  INFO 9160 --- [weather-stream] [main] o.s.b.w.embedded.tomcat.TomcatWebServer  : Tomcat started on port 8080 (http) with context path '/'
2025-02-24T20:16:53.130-05:00  INFO 9160 --- [weather-stream] [main] i.s.w.w.WeatherStreamApplication         : Started WeatherStreamApplication in 3.766 seconds (process running for 4.372)
2025-02-24T20:16:54.046-05:00 ERROR 9160 --- [weather-stream] [reactor-http-nio-2] reactor.core.publisher.Operators         : Operator called default onErrorDropped

reactor.core.Exceptions$ErrorCallbackNotImplemented: org.springframework.web.reactive.function.client.WebClientResponseException$NotFound: 404 Not Found from GET https://api.weather.gov/gridpoints/OKX/40.6413/40.641340.6413/forecast
Caused by: org.springframework.web.reactive.function.client.WebClientResponseException$NotFound: 404 Not Found from GET https://api.weather.gov/gridpoints/OKX/40.6413/40.641340.6413/forecast
	at org.springframework.web.reactive.function.client.WebClientResponseException.create(WebClientResponseException.java:324) ~[spring-webflux-6.2.2.jar:6.2.2]
	Suppressed: reactor.core.publisher.FluxOnAssembly$OnAssemblyException: 
Error has been observed at the following site(s):
	*__checkpoint ⇢ 404 NOT_FOUND from GET https://api.weather.gov/gridpoints/OKX/40.6413/40.641340.6413/forecast [DefaultWebClient]
Original Stack Trace:
		at org.springframework.web.reactive.function.client.WebClientResponseException.create(WebClientResponseException.java:324) ~[spring-webflux-6.2.2.jar:6.2.2]
		at org.springframework.web.reactive.function.client.DefaultClientResponse.lambda$createException$1(DefaultClientResponse.java:214) ~[spring-webflux-6.2.2.jar:6.2.2]
		at reactor.core.publisher.FluxMap$MapSubscriber.onNext(FluxMap.java:106) ~[reactor-core-3.7.2.jar:3.7.2]
		at reactor.core.publisher.FluxOnErrorReturn$ReturnSubscriber.onNext(FluxOnErrorReturn.java:162) ~[reactor-core-3.7.2.jar:3.7.2]
		at reactor.core.publisher.FluxDefaultIfEmpty$DefaultIfEmptySubscriber.onNext(FluxDefaultIfEmpty.java:122) ~[reactor-core-3.7.2.jar:3.7.2]
		at reactor.core.publisher.FluxMapFuseable$MapFuseableSubscriber.onNext(FluxMapFuseable.java:129) ~[reactor-core-3.7.2.jar:3.7.2]
		at reactor.core.publisher.FluxContextWrite$ContextWriteSubscriber.onNext(FluxContextWrite.java:107) ~[reactor-core-3.7.2.jar:3.7.2]
		at reactor.core.publisher.FluxMapFuseable$MapFuseableConditionalSubscriber.onNext(FluxMapFuseable.java:299) ~[reactor-core-3.7.2.jar:3.7.2]
		at reactor.core.publisher.FluxFilterFuseable$FilterFuseableConditionalSubscriber.onNext(FluxFilterFuseable.java:337) ~[reactor-core-3.7.2.jar:3.7.2]
		at reactor.core.publisher.Operators$BaseFluxToMonoOperator.completePossiblyEmpty(Operators.java:2097) ~[reactor-core-3.7.2.jar:3.7.2]
		at reactor.core.publisher.MonoCollect$CollectSubscriber.onComplete(MonoCollect.java:145) ~[reactor-core-3.7.2.jar:3.7.2]
		at reactor.core.publisher.FluxMap$MapSubscriber.onComplete(FluxMap.java:144) ~[reactor-core-3.7.2.jar:3.7.2]
		at reactor.core.publisher.FluxPeek$PeekSubscriber.onComplete(FluxPeek.java:260) ~[reactor-core-3.7.2.jar:3.7.2]
		at reactor.core.publisher.FluxMap$MapSubscriber.onComplete(FluxMap.java:144) ~[reactor-core-3.7.2.jar:3.7.2]
		at reactor.netty.channel.FluxReceive.onInboundComplete(FluxReceive.java:413) ~[reactor-netty-core-1.2.2.jar:1.2.2]
		at reactor.netty.channel.ChannelOperations.onInboundComplete(ChannelOperations.java:455) ~[reactor-netty-core-1.2.2.jar:1.2.2]
		at reactor.netty.channel.ChannelOperations.terminate(ChannelOperations.java:509) ~[reactor-netty-core-1.2.2.jar:1.2.2]
		at reactor.netty.http.client.HttpClientOperations.onInboundNext(HttpClientOperations.java:819) ~[reactor-netty-http-1.2.2.jar:1.2.2]
		at reactor.netty.channel.ChannelOperationsHandler.channelRead(ChannelOperationsHandler.java:115) ~[reactor-netty-core-1.2.2.jar:1.2.2]
		at io.netty.channel.AbstractChannelHandlerContext.invokeChannelRead(AbstractChannelHandlerContext.java:444) ~[netty-transport-4.1.117.Final.jar:4.1.117.Final]
		at io.netty.channel.AbstractChannelHandlerContext.invokeChannelRead(AbstractChannelHandlerContext.java:420) ~[netty-transport-4.1.117.Final.jar:4.1.117.Final]
		at io.netty.channel.AbstractChannelHandlerContext.fireChannelRead(AbstractChannelHandlerContext.java:412) ~[netty-transport-4.1.117.Final.jar:4.1.117.Final]
		at io.netty.handler.codec.MessageToMessageDecoder.channelRead(MessageToMessageDecoder.java:107) ~[netty-codec-4.1.117.Final.jar:4.1.117.Final]
		at io.netty.channel.AbstractChannelHandlerContext.invokeChannelRead(AbstractChannelHandlerContext.java:444) ~[netty-transport-4.1.117.Final.jar:4.1.117.Final]
		at io.netty.channel.AbstractChannelHandlerContext.invokeChannelRead(AbstractChannelHandlerContext.java:420) ~[netty-transport-4.1.117.Final.jar:4.1.117.Final]
		at io.netty.channel.AbstractChannelHandlerContext.fireChannelRead(AbstractChannelHandlerContext.java:412) ~[netty-transport-4.1.117.Final.jar:4.1.117.Final]
		at io.netty.channel.CombinedChannelDuplexHandler$DelegatingChannelHandlerContext.fireChannelRead(CombinedChannelDuplexHandler.java:436) ~[netty-transport-4.1.117.Final.jar:4.1.117.Final]
		at io.netty.handler.codec.ByteToMessageDecoder.fireChannelRead(ByteToMessageDecoder.java:346) ~[netty-codec-4.1.117.Final.jar:4.1.117.Final]
		at io.netty.handler.codec.ByteToMessageDecoder.channelRead(ByteToMessageDecoder.java:318) ~[netty-codec-4.1.117.Final.jar:4.1.117.Final]
		at io.netty.channel.CombinedChannelDuplexHandler.channelRead(CombinedChannelDuplexHandler.java:251) ~[netty-transport-4.1.117.Final.jar:4.1.117.Final]
		at io.netty.channel.AbstractChannelHandlerContext.invokeChannelRead(AbstractChannelHandlerContext.java:442) ~[netty-transport-4.1.117.Final.jar:4.1.117.Final]
		at io.netty.channel.AbstractChannelHandlerContext.invokeChannelRead(AbstractChannelHandlerContext.java:420) ~[netty-transport-4.1.117.Final.jar:4.1.117.Final]
		at io.netty.channel.AbstractChannelHandlerContext.fireChannelRead(AbstractChannelHandlerContext.java:412) ~[netty-transport-4.1.117.Final.jar:4.1.117.Final]
		at io.netty.handler.ssl.SslHandler.unwrap(SslHandler.java:1515) ~[netty-handler-4.1.117.Final.jar:4.1.117.Final]
		at io.netty.handler.ssl.SslHandler.decodeJdkCompatible(SslHandler.java:1378) ~[netty-handler-4.1.117.Final.jar:4.1.117.Final]
		at io.netty.handler.ssl.SslHandler.decode(SslHandler.java:1427) ~[netty-handler-4.1.117.Final.jar:4.1.117.Final]
		at io.netty.handler.codec.ByteToMessageDecoder.decodeRemovalReentryProtection(ByteToMessageDecoder.java:530) ~[netty-codec-4.1.117.Final.jar:4.1.117.Final]
		at io.netty.handler.codec.ByteToMessageDecoder.callDecode(ByteToMessageDecoder.java:469) ~[netty-codec-4.1.117.Final.jar:4.1.117.Final]
		at io.netty.handler.codec.ByteToMessageDecoder.channelRead(ByteToMessageDecoder.java:290) ~[netty-codec-4.1.117.Final.jar:4.1.117.Final]
		at io.netty.channel.AbstractChannelHandlerContext.invokeChannelRead(AbstractChannelHandlerContext.java:444) ~[netty-transport-4.1.117.Final.jar:4.1.117.Final]
		at io.netty.channel.AbstractChannelHandlerContext.invokeChannelRead(AbstractChannelHandlerContext.java:420) ~[netty-transport-4.1.117.Final.jar:4.1.117.Final]
		at io.netty.channel.AbstractChannelHandlerContext.fireChannelRead(AbstractChannelHandlerContext.java:412) ~[netty-transport-4.1.117.Final.jar:4.1.117.Final]
		at io.netty.channel.DefaultChannelPipeline$HeadContext.channelRead(DefaultChannelPipeline.java:1357) ~[netty-transport-4.1.117.Final.jar:4.1.117.Final]
		at io.netty.channel.AbstractChannelHandlerContext.invokeChannelRead(AbstractChannelHandlerContext.java:440) ~[netty-transport-4.1.117.Final.jar:4.1.117.Final]
		at io.netty.channel.AbstractChannelHandlerContext.invokeChannelRead(AbstractChannelHandlerContext.java:420) ~[netty-transport-4.1.117.Final.jar:4.1.117.Final]
		at io.netty.channel.DefaultChannelPipeline.fireChannelRead(DefaultChannelPipeline.java:868) ~[netty-transport-4.1.117.Final.jar:4.1.117.Final]
		at io.netty.channel.nio.AbstractNioByteChannel$NioByteUnsafe.read(AbstractNioByteChannel.java:166) ~[netty-transport-4.1.117.Final.jar:4.1.117.Final]
		at io.netty.channel.nio.NioEventLoop.processSelectedKey(NioEventLoop.java:788) ~[netty-transport-4.1.117.Final.jar:4.1.117.Final]
		at io.netty.channel.nio.NioEventLoop.processSelectedKeysOptimized(NioEventLoop.java:724) ~[netty-transport-4.1.117.Final.jar:4.1.117.Final]
		at io.netty.channel.nio.NioEventLoop.processSelectedKeys(NioEventLoop.java:650) ~[netty-transport-4.1.117.Final.jar:4.1.117.Final]
		at io.netty.channel.nio.NioEventLoop.run(NioEventLoop.java:562) ~[netty-transport-4.1.117.Final.jar:4.1.117.Final]
		at io.netty.util.concurrent.SingleThreadEventExecutor$4.run(SingleThreadEventExecutor.java:997) ~[netty-common-4.1.117.Final.jar:4.1.117.Final]
		at io.netty.util.internal.ThreadExecutorMap$2.run(ThreadExecutorMap.java:74) ~[netty-common-4.1.117.Final.jar:4.1.117.Final]
		at io.netty.util.concurrent.FastThreadLocalRunnable.run(FastThreadLocalRunnable.java:30) ~[netty-common-4.1.117.Final.jar:4.1.117.Final]
		at java.base/java.lang.Thread.run(Unknown Source) ~[na:na]

2025-02-24T20:16:55.649-05:00  INFO 9160 --- [weather-stream] [RMI TCP Connection(2)-127.0.0.1] o.a.c.c.C.[Tomcat].[localhost].[/]       : Initializing Spring DispatcherServlet 'dispatcherServlet'
2025-02-24T20:16:55.650-05:00  INFO 9160 --- [weather-stream] [RMI TCP Connection(2)-127.0.0.1] o.s.web.servlet.DispatcherServlet        : Initializing Servlet 'dispatcherServlet'
2025-02-24T20:16:55.652-05:00  INFO 9160 --- [weather-stream] [RMI TCP Connection(2)-127.0.0.1] o.s.web.servlet.DispatcherServlet        : Completed initialization in 1 ms
2025-02-24T20:18:00.290-05:00  INFO 9160 --- [weather-stream] [SpringApplicationShutdownHook] o.s.b.w.e.tomcat.GracefulShutdown        : Commencing graceful shutdown. Waiting for active requests to complete
2025-02-24T20:18:00.300-05:00  INFO 9160 --- [weather-stream] [tomcat-shutdown] o.s.b.w.e.tomcat.GracefulShutdown        : Graceful shutdown complete
2025-02-24T20:18:23.714-05:00  INFO 19172 --- [weather-stream] [main] i.s.w.w.WeatherStreamApplication         : Starting WeatherStreamApplication using Java 21.0.5 with PID 19172 (C:\Users\Dylan\Desktop\Projects\snow-tracker\weather-stream\target\classes started by Dylan in C:\Users\Dylan\Desktop\Projects\snow-tracker\weather-stream)
2025-02-24T20:18:23.716-05:00 DEBUG 19172 --- [weather-stream] [main] i.s.w.w.WeatherStreamApplication         : Running with Spring Boot v3.4.2, Spring v6.2.2
2025-02-24T20:18:23.716-05:00  INFO 19172 --- [weather-stream] [main] i.s.w.w.WeatherStreamApplication         : No active profile set, falling back to 1 default profile: "default"
2025-02-24T20:18:24.564-05:00  INFO 19172 --- [weather-stream] [main] .s.d.r.c.RepositoryConfigurationDelegate : Multiple Spring Data modules found, entering strict repository configuration mode
2025-02-24T20:18:24.567-05:00  INFO 19172 --- [weather-stream] [main] .s.d.r.c.RepositoryConfigurationDelegate : Bootstrapping Spring Data Redis repositories in DEFAULT mode.
2025-02-24T20:18:24.697-05:00  INFO 19172 --- [weather-stream] [main] .s.d.r.c.RepositoryConfigurationDelegate : Finished Spring Data repository scanning in 114 ms. Found 2 Redis repository interfaces.
2025-02-24T20:18:25.123-05:00  INFO 19172 --- [weather-stream] [main] o.s.b.w.embedded.tomcat.TomcatWebServer  : Tomcat initialized with port 8080 (http)
2025-02-24T20:18:25.138-05:00  INFO 19172 --- [weather-stream] [main] o.apache.catalina.core.StandardService   : Starting service [Tomcat]
2025-02-24T20:18:25.138-05:00  INFO 19172 --- [weather-stream] [main] o.apache.catalina.core.StandardEngine    : Starting Servlet engine: [Apache Tomcat/10.1.34]
2025-02-24T20:18:25.194-05:00  INFO 19172 --- [weather-stream] [main] o.a.c.c.C.[Tomcat].[localhost].[/]       : Initializing Spring embedded WebApplicationContext
2025-02-24T20:18:25.195-05:00  INFO 19172 --- [weather-stream] [main] w.s.c.ServletWebServerApplicationContext : Root WebApplicationContext: initialization completed in 1440 ms
2025-02-24T20:18:26.000-05:00  INFO 19172 --- [weather-stream] [main] o.s.v.b.OptionalValidatorFactoryBean     : Failed to set up a Bean Validation provider: jakarta.validation.NoProviderFoundException: Unable to create a Configuration, because no Jakarta Bean Validation provider could be found. Add a provider like Hibernate Validator (RI) to your classpath.
2025-02-24T20:18:26.440-05:00  INFO 19172 --- [weather-stream] [main] o.s.b.a.e.web.EndpointLinksResolver      : Exposing 1 endpoint beneath base path '/actuator'
2025-02-24T20:18:26.539-05:00  INFO 19172 --- [weather-stream] [main] o.s.b.w.embedded.tomcat.TomcatWebServer  : Tomcat started on port 8080 (http) with context path '/'
2025-02-24T20:18:26.574-05:00  INFO 19172 --- [weather-stream] [main] i.s.w.w.WeatherStreamApplication         : Started WeatherStreamApplication in 3.27 seconds (process running for 3.823)
2025-02-24T20:18:26.609-05:00  INFO 19172 --- [weather-stream] [RMI TCP Connection(2)-127.0.0.1] o.a.c.c.C.[Tomcat].[localhost].[/]       : Initializing Spring DispatcherServlet 'dispatcherServlet'
2025-02-24T20:18:26.610-05:00  INFO 19172 --- [weather-stream] [RMI TCP Connection(2)-127.0.0.1] o.s.web.servlet.DispatcherServlet        : Initializing Servlet 'dispatcherServlet'
2025-02-24T20:18:26.611-05:00  INFO 19172 --- [weather-stream] [RMI TCP Connection(2)-127.0.0.1] o.s.web.servlet.DispatcherServlet        : Completed initialization in 1 ms
2025-02-24T20:27:07.015-05:00  INFO 21812 --- [weather-stream] [main] i.s.w.w.WeatherStreamApplication         : Starting WeatherStreamApplication using Java 21.0.5 with PID 21812 (C:\Users\Dylan\Desktop\Projects\snow-tracker\weather-stream\target\classes started by Dylan in C:\Users\Dylan\Desktop\Projects\snow-tracker\weather-stream)
2025-02-24T20:27:07.017-05:00 DEBUG 21812 --- [weather-stream] [main] i.s.w.w.WeatherStreamApplication         : Running with Spring Boot v3.4.2, Spring v6.2.2
2025-02-24T20:27:07.018-05:00  INFO 21812 --- [weather-stream] [main] i.s.w.w.WeatherStreamApplication         : No active profile set, falling back to 1 default profile: "default"
2025-02-24T20:27:07.997-05:00  INFO 21812 --- [weather-stream] [main] .s.d.r.c.RepositoryConfigurationDelegate : Multiple Spring Data modules found, entering strict repository configuration mode
2025-02-24T20:27:08.001-05:00  INFO 21812 --- [weather-stream] [main] .s.d.r.c.RepositoryConfigurationDelegate : Bootstrapping Spring Data Redis repositories in DEFAULT mode.
2025-02-24T20:27:08.132-05:00  INFO 21812 --- [weather-stream] [main] .s.d.r.c.RepositoryConfigurationDelegate : Finished Spring Data repository scanning in 118 ms. Found 2 Redis repository interfaces.
2025-02-24T20:27:08.682-05:00  INFO 21812 --- [weather-stream] [main] o.s.b.w.embedded.tomcat.TomcatWebServer  : Tomcat initialized with port 8080 (http)
2025-02-24T20:27:08.698-05:00  INFO 21812 --- [weather-stream] [main] o.apache.catalina.core.StandardService   : Starting service [Tomcat]
2025-02-24T20:27:08.698-05:00  INFO 21812 --- [weather-stream] [main] o.apache.catalina.core.StandardEngine    : Starting Servlet engine: [Apache Tomcat/10.1.34]
2025-02-24T20:27:08.761-05:00  INFO 21812 --- [weather-stream] [main] o.a.c.c.C.[Tomcat].[localhost].[/]       : Initializing Spring embedded WebApplicationContext
2025-02-24T20:27:08.762-05:00  INFO 21812 --- [weather-stream] [main] w.s.c.ServletWebServerApplicationContext : Root WebApplicationContext: initialization completed in 1705 ms
2025-02-24T20:27:10.202-05:00  INFO 21812 --- [weather-stream] [main] o.s.b.a.e.web.EndpointLinksResolver      : Exposing 1 endpoint beneath base path '/actuator'
2025-02-24T20:27:10.272-05:00  INFO 21812 --- [weather-stream] [main] o.s.b.w.embedded.tomcat.TomcatWebServer  : Tomcat started on port 8080 (http) with context path '/'
2025-02-24T20:27:10.286-05:00  INFO 21812 --- [weather-stream] [main] i.s.w.w.WeatherStreamApplication         : Started WeatherStreamApplication in 3.712 seconds (process running for 4.249)
2025-02-24T20:27:12.878-05:00  INFO 21812 --- [weather-stream] [RMI TCP Connection(2)-127.0.0.1] o.a.c.c.C.[Tomcat].[localhost].[/]       : Initializing Spring DispatcherServlet 'dispatcherServlet'
2025-02-24T20:27:12.879-05:00  INFO 21812 --- [weather-stream] [RMI TCP Connection(2)-127.0.0.1] o.s.web.servlet.DispatcherServlet        : Initializing Servlet 'dispatcherServlet'
2025-02-24T20:27:12.881-05:00  INFO 21812 --- [weather-stream] [RMI TCP Connection(2)-127.0.0.1] o.s.web.servlet.DispatcherServlet        : Completed initialization in 2 ms
2025-02-24T20:29:11.040-05:00  INFO 17448 --- [weather-stream] [main] i.s.w.w.WeatherStreamApplication         : Starting WeatherStreamApplication using Java 21.0.5 with PID 17448 (C:\Users\Dylan\Desktop\Projects\snow-tracker\weather-stream\target\classes started by Dylan in C:\Users\Dylan\Desktop\Projects\snow-tracker\weather-stream)
2025-02-24T20:29:11.042-05:00 DEBUG 17448 --- [weather-stream] [main] i.s.w.w.WeatherStreamApplication         : Running with Spring Boot v3.4.2, Spring v6.2.2
2025-02-24T20:29:11.042-05:00  INFO 17448 --- [weather-stream] [main] i.s.w.w.WeatherStreamApplication         : No active profile set, falling back to 1 default profile: "default"
2025-02-24T20:29:11.955-05:00  INFO 17448 --- [weather-stream] [main] .s.d.r.c.RepositoryConfigurationDelegate : Multiple Spring Data modules found, entering strict repository configuration mode
2025-02-24T20:29:11.958-05:00  INFO 17448 --- [weather-stream] [main] .s.d.r.c.RepositoryConfigurationDelegate : Bootstrapping Spring Data Redis repositories in DEFAULT mode.
2025-02-24T20:29:12.107-05:00  INFO 17448 --- [weather-stream] [main] .s.d.r.c.RepositoryConfigurationDelegate : Finished Spring Data repository scanning in 129 ms. Found 2 Redis repository interfaces.
2025-02-24T20:29:12.589-05:00  INFO 17448 --- [weather-stream] [main] o.s.b.w.embedded.tomcat.TomcatWebServer  : Tomcat initialized with port 8080 (http)
2025-02-24T20:29:12.603-05:00  INFO 17448 --- [weather-stream] [main] o.apache.catalina.core.StandardService   : Starting service [Tomcat]
2025-02-24T20:29:12.604-05:00  INFO 17448 --- [weather-stream] [main] o.apache.catalina.core.StandardEngine    : Starting Servlet engine: [Apache Tomcat/10.1.34]
2025-02-24T20:29:12.665-05:00  INFO 17448 --- [weather-stream] [main] o.a.c.c.C.[Tomcat].[localhost].[/]       : Initializing Spring embedded WebApplicationContext
2025-02-24T20:29:12.666-05:00  INFO 17448 --- [weather-stream] [main] w.s.c.ServletWebServerApplicationContext : Root WebApplicationContext: initialization completed in 1584 ms
2025-02-24T20:29:13.983-05:00  INFO 17448 --- [weather-stream] [main] o.s.b.a.e.web.EndpointLinksResolver      : Exposing 1 endpoint beneath base path '/actuator'
2025-02-24T20:29:14.046-05:00  INFO 17448 --- [weather-stream] [main] o.s.b.w.embedded.tomcat.TomcatWebServer  : Tomcat started on port 8080 (http) with context path '/'
2025-02-24T20:29:14.061-05:00  INFO 17448 --- [weather-stream] [main] i.s.w.w.WeatherStreamApplication         : Started WeatherStreamApplication in 3.465 seconds (process running for 4.161)
2025-02-24T20:29:16.883-05:00  INFO 17448 --- [weather-stream] [RMI TCP Connection(2)-127.0.0.1] o.a.c.c.C.[Tomcat].[localhost].[/]       : Initializing Spring DispatcherServlet 'dispatcherServlet'
2025-02-24T20:29:16.884-05:00  INFO 17448 --- [weather-stream] [RMI TCP Connection(2)-127.0.0.1] o.s.web.servlet.DispatcherServlet        : Initializing Servlet 'dispatcherServlet'
2025-02-24T20:29:16.886-05:00  INFO 17448 --- [weather-stream] [RMI TCP Connection(2)-127.0.0.1] o.s.web.servlet.DispatcherServlet        : Completed initialization in 1 ms
2025-02-24T20:54:54.177-05:00  INFO 504 --- [weather-stream] [main] i.s.w.w.WeatherStreamApplication         : Starting WeatherStreamApplication using Java 21.0.5 with PID 504 (C:\Users\Dylan\Desktop\Projects\snow-tracker\weather-stream\target\classes started by Dylan in C:\Users\Dylan\Desktop\Projects\snow-tracker\weather-stream)
2025-02-24T20:54:54.179-05:00 DEBUG 504 --- [weather-stream] [main] i.s.w.w.WeatherStreamApplication         : Running with Spring Boot v3.4.2, Spring v6.2.2
2025-02-24T20:54:54.180-05:00  INFO 504 --- [weather-stream] [main] i.s.w.w.WeatherStreamApplication         : No active profile set, falling back to 1 default profile: "default"
2025-02-24T20:54:55.065-05:00  INFO 504 --- [weather-stream] [main] .s.d.r.c.RepositoryConfigurationDelegate : Multiple Spring Data modules found, entering strict repository configuration mode
2025-02-24T20:54:55.072-05:00  INFO 504 --- [weather-stream] [main] .s.d.r.c.RepositoryConfigurationDelegate : Bootstrapping Spring Data Redis repositories in DEFAULT mode.
2025-02-24T20:54:55.202-05:00  INFO 504 --- [weather-stream] [main] .s.d.r.c.RepositoryConfigurationDelegate : Finished Spring Data repository scanning in 112 ms. Found 2 Redis repository interfaces.
2025-02-24T20:54:55.648-05:00  INFO 504 --- [weather-stream] [main] o.s.b.w.embedded.tomcat.TomcatWebServer  : Tomcat initialized with port 8080 (http)
2025-02-24T20:54:55.663-05:00  INFO 504 --- [weather-stream] [main] o.apache.catalina.core.StandardService   : Starting service [Tomcat]
2025-02-24T20:54:55.663-05:00  INFO 504 --- [weather-stream] [main] o.apache.catalina.core.StandardEngine    : Starting Servlet engine: [Apache Tomcat/10.1.34]
2025-02-24T20:54:55.719-05:00  INFO 504 --- [weather-stream] [main] o.a.c.c.C.[Tomcat].[localhost].[/]       : Initializing Spring embedded WebApplicationContext
2025-02-24T20:54:55.719-05:00  INFO 504 --- [weather-stream] [main] w.s.c.ServletWebServerApplicationContext : Root WebApplicationContext: initialization completed in 1495 ms
2025-02-24T20:54:56.996-05:00  INFO 504 --- [weather-stream] [main] o.s.b.a.e.web.EndpointLinksResolver      : Exposing 1 endpoint beneath base path '/actuator'
2025-02-24T20:54:57.061-05:00  INFO 504 --- [weather-stream] [main] o.s.b.w.embedded.tomcat.TomcatWebServer  : Tomcat started on port 8080 (http) with context path '/'
2025-02-24T20:54:57.075-05:00  INFO 504 --- [weather-stream] [main] i.s.w.w.WeatherStreamApplication         : Started WeatherStreamApplication in 3.334 seconds (process running for 3.875)
2025-02-24T20:55:00.003-05:00  INFO 504 --- [weather-stream] [RMI TCP Connection(2)-127.0.0.1] o.a.c.c.C.[Tomcat].[localhost].[/]       : Initializing Spring DispatcherServlet 'dispatcherServlet'
2025-02-24T20:55:00.004-05:00  INFO 504 --- [weather-stream] [RMI TCP Connection(2)-127.0.0.1] o.s.web.servlet.DispatcherServlet        : Initializing Servlet 'dispatcherServlet'
2025-02-24T20:55:00.005-05:00  INFO 504 --- [weather-stream] [RMI TCP Connection(2)-127.0.0.1] o.s.web.servlet.DispatcherServlet        : Completed initialization in 1 ms
